<?xml version="1.0" encoding="UTF-8"?>
<!-- Generated by org.testng.reporters.JUnitXMLReporter -->
<testsuite ignored="0" hostname="dell" failures="0" tests="1" name="Test" time="28.129" errors="0" timestamp="2022-06-06T19:58:37 IST">
  <testcase classname="com.zerodha.qa.loginTest.UNTestClassUserVerify" name="@BeforeMethod loginToApp" time="27.9">
    <failure type="java.lang.NullPointerException">
      <![CDATA[java.lang.NullPointerException
at java.base/java.io.FileInputStream.<init>(FileInputStream.java:149)
at java.base/java.io.FileInputStream.<init>(FileInputStream.java:111)
at com.zerodha.utility.Utility.textTestData(Utility.java:26)
at com.zerodha.qa.loginTest.UNTestClassUserVerify.loginToApp(UNTestClassUserVerify.java:34)
at java.base/java.util.ArrayList.forEach(ArrayList.java:1511)
... Removed 31 stack frames]]>
    </failure>
  </testcase> <!-- @BeforeMethod loginToApp -->
  <testcase classname="com.zerodha.qa.loginTest.UNTestClassUserVerify" name="@AfterMethod screenshotcapture" time="-1.654525716909E9">
    <skipped/>
  </testcase> <!-- @AfterMethod screenshotcapture -->
  <testcase classname="com.zerodha.qa.loginTest.UNTestClassUserVerify" name="@AfterClass browserClose" time="-1.654525716932E9">
    <skipped/>
  </testcase> <!-- @AfterClass browserClose -->
  <testcase classname="com.zerodha.qa.loginTest.UNTestClassUserVerify" name="userVerify" time="0.0">
    <skipped/>
  </testcase> <!-- userVerify -->
</testsuite> <!-- Test -->
