<?xml version="1.0" encoding="UTF-8"?>
<testng-results skipped="0" failed="0" ignored="0" total="1" passed="1">
  <reporter-output>
  </reporter-output>
  <suite name="Suite" duration-ms="44658" started-at="2022-05-20T08:43:06 IST" finished-at="2022-05-20T08:43:51 IST">
    <groups>
    </groups>
    <test name="TestNG" duration-ms="44658" started-at="2022-05-20T08:43:06 IST" finished-at="2022-05-20T08:43:51 IST">
      <class name="com.zerodha.qa.loginTest.UNTestClassUserVerify">
        <test-method status="PASS" signature="loginToApp()[pri:0, instance:com.zerodha.qa.loginTest.UNTestClassUserVerify@543c6f6d]" name="loginToApp" is-config="true" duration-ms="33017" started-at="2022-05-20T08:43:06 IST" finished-at="2022-05-20T08:43:39 IST">
          <reporter-output>
          </reporter-output>
        </test-method> <!-- loginToApp -->
        <test-method status="PASS" signature="userVerify()[pri:0, instance:com.zerodha.qa.loginTest.UNTestClassUserVerify@543c6f6d]" name="userVerify" duration-ms="5699" started-at="2022-05-20T08:43:39 IST" finished-at="2022-05-20T08:43:45 IST">
          <reporter-output>
          </reporter-output>
        </test-method> <!-- userVerify -->
        <test-method status="PASS" signature="screenshotcapture(org.testng.ITestResult)[pri:0, instance:com.zerodha.qa.loginTest.UNTestClassUserVerify@543c6f6d]" name="screenshotcapture" is-config="true" duration-ms="5" started-at="2022-05-20T08:43:45 IST" finished-at="2022-05-20T08:43:45 IST">
          <params>
            <param index="0">
              <value>
                <![CDATA[[TestResult name=userVerify status=SUCCESS method=UNTestClassUserVerify.userVerify()[pri:0, instance:com.zerodha.qa.loginTest.UNTestClassUserVerify@543c6f6d] output={null}]]]>
              </value>
            </param>
          </params>
          <reporter-output>
          </reporter-output>
        </test-method> <!-- screenshotcapture -->
        <test-method status="PASS" signature="browserClose()[pri:0, instance:com.zerodha.qa.loginTest.UNTestClassUserVerify@543c6f6d]" name="browserClose" is-config="true" duration-ms="5832" started-at="2022-05-20T08:43:45 IST" finished-at="2022-05-20T08:43:51 IST">
          <reporter-output>
          </reporter-output>
        </test-method> <!-- browserClose -->
      </class> <!-- com.zerodha.qa.loginTest.UNTestClassUserVerify -->
    </test> <!-- TestNG -->
  </suite> <!-- Suite -->
</testng-results>
